[0.071s] Invoking command in '/home/jared/ros2_ws/build/unity_robotics_demo_msgs': CMAKE_PREFIX_PATH=${CMAKE_PREFIX_PATH}:/home/jared/ros2_ws/install/unity_robotics_demo:/home/jared/ros2_ws/install/unity:/home/jared/ros2_ws/install/ros_tcp_endpoint:/home/jared/ros2_ws/install/my_package:/home/jared/ros2_ws/install/launch_testing_examples:/home/jared/ros2_ws/install/examples_rclpy_pointcloud_publisher:/home/jared/ros2_ws/install/examples_rclpy_minimal_subscriber:/home/jared/ros2_ws/install/examples_rclpy_minimal_service:/home/jared/ros2_ws/install/examples_rclpy_minimal_publisher:/home/jared/ros2_ws/install/examples_rclpy_minimal_client:/home/jared/ros2_ws/install/examples_rclpy_minimal_action_server:/home/jared/ros2_ws/install/examples_rclpy_minimal_action_client:/home/jared/ros2_ws/install/examples_rclpy_guard_conditions:/home/jared/ros2_ws/install/examples_rclpy_executors:/opt/ros/humble /usr/bin/cmake --build /home/jared/ros2_ws/build/unity_robotics_demo_msgs -- -j16 -l16
[0.346s] [ 10%] Built target unity_robotics_demo_msgs__rosidl_generator_c
[0.373s] failed to create symbolic link '/home/jared/ros2_ws/build/unity_robotics_demo_msgs/ament_cmake_python/unity_robotics_demo_msgs/unity_robotics_demo_msgs' because existing path cannot be removed: Is a directory
[0.375s] gmake[2]: *** [CMakeFiles/ament_cmake_python_symlink_unity_robotics_demo_msgs.dir/build.make:70: CMakeFiles/ament_cmake_python_symlink_unity_robotics_demo_msgs] Error 1
[0.375s] [ 12%] Built target unity_robotics_demo_msgs__cpp
[0.400s] gmake[1]: *** [CMakeFiles/Makefile2:421: CMakeFiles/ament_cmake_python_symlink_unity_robotics_demo_msgs.dir/all] Error 2
[0.401s] gmake[1]: *** Waiting for unfinished jobs....
[0.518s] [ 23%] Built target unity_robotics_demo_msgs__rosidl_typesupport_c
[0.523s] [ 34%] Built target unity_robotics_demo_msgs__rosidl_typesupport_fastrtps_c
[0.531s] [ 45%] Built target unity_robotics_demo_msgs__rosidl_typesupport_introspection_c
[0.556s] gmake: *** [Makefile:146: all] Error 2
[0.571s] Invoked command in '/home/jared/ros2_ws/build/unity_robotics_demo_msgs' returned '2': CMAKE_PREFIX_PATH=${CMAKE_PREFIX_PATH}:/home/jared/ros2_ws/install/unity_robotics_demo:/home/jared/ros2_ws/install/unity:/home/jared/ros2_ws/install/ros_tcp_endpoint:/home/jared/ros2_ws/install/my_package:/home/jared/ros2_ws/install/launch_testing_examples:/home/jared/ros2_ws/install/examples_rclpy_pointcloud_publisher:/home/jared/ros2_ws/install/examples_rclpy_minimal_subscriber:/home/jared/ros2_ws/install/examples_rclpy_minimal_service:/home/jared/ros2_ws/install/examples_rclpy_minimal_publisher:/home/jared/ros2_ws/install/examples_rclpy_minimal_client:/home/jared/ros2_ws/install/examples_rclpy_minimal_action_server:/home/jared/ros2_ws/install/examples_rclpy_minimal_action_client:/home/jared/ros2_ws/install/examples_rclpy_guard_conditions:/home/jared/ros2_ws/install/examples_rclpy_executors:/opt/ros/humble /usr/bin/cmake --build /home/jared/ros2_ws/build/unity_robotics_demo_msgs -- -j16 -l16
