Start testing: Jun 24 20:37 AEST
----------------------------------------------------------
1/6 Testing: copyright
1/6 Test: copyright
Command: "/usr/bin/python3" "-u" "/opt/ros/humble/share/ament_cmake_test/cmake/run_test.py" "/home/jared/ros2_ws/build/examples_rclcpp_minimal_action_client/test_results/examples_rclcpp_minimal_action_client/copyright.xunit.xml" "--package-name" "examples_rclcpp_minimal_action_client" "--output-file" "/home/jared/ros2_ws/build/examples_rclcpp_minimal_action_client/ament_copyright/copyright.txt" "--command" "/opt/ros/humble/bin/ament_copyright" "--xunit-file" "/home/jared/ros2_ws/build/examples_rclcpp_minimal_action_client/test_results/examples_rclcpp_minimal_action_client/copyright.xunit.xml"
Directory: /home/jared/ros2_ws/src/examples/rclcpp/actions/minimal_action_client
"copyright" start time: Jun 24 20:37 AEST
Output:
----------------------------------------------------------
-- run_test.py: invoking following command in '/home/jared/ros2_ws/src/examples/rclcpp/actions/minimal_action_client':
 - /opt/ros/humble/bin/ament_copyright --xunit-file /home/jared/ros2_ws/build/examples_rclcpp_minimal_action_client/test_results/examples_rclcpp_minimal_action_client/copyright.xunit.xml
No problems found, checked 4 files
-- run_test.py: return code 0
-- run_test.py: verify result file '/home/jared/ros2_ws/build/examples_rclcpp_minimal_action_client/test_results/examples_rclcpp_minimal_action_client/copyright.xunit.xml'
<end of output>
Test time =   0.38 sec
----------------------------------------------------------
Test Passed.
"copyright" end time: Jun 24 20:37 AEST
"copyright" time elapsed: 00:00:00
----------------------------------------------------------

2/6 Testing: cppcheck
2/6 Test: cppcheck
Command: "/usr/bin/python3" "-u" "/opt/ros/humble/share/ament_cmake_test/cmake/run_test.py" "/home/jared/ros2_ws/build/examples_rclcpp_minimal_action_client/test_results/examples_rclcpp_minimal_action_client/cppcheck.xunit.xml" "--package-name" "examples_rclcpp_minimal_action_client" "--output-file" "/home/jared/ros2_ws/build/examples_rclcpp_minimal_action_client/ament_cppcheck/cppcheck.txt" "--command" "/opt/ros/humble/bin/ament_cppcheck" "--xunit-file" "/home/jared/ros2_ws/build/examples_rclcpp_minimal_action_client/test_results/examples_rclcpp_minimal_action_client/cppcheck.xunit.xml"
Directory: /home/jared/ros2_ws/src/examples/rclcpp/actions/minimal_action_client
"cppcheck" start time: Jun 24 20:37 AEST
Output:
----------------------------------------------------------
-- run_test.py: invoking following command in '/home/jared/ros2_ws/src/examples/rclcpp/actions/minimal_action_client':
 - /opt/ros/humble/bin/ament_cppcheck --xunit-file /home/jared/ros2_ws/build/examples_rclcpp_minimal_action_client/test_results/examples_rclcpp_minimal_action_client/cppcheck.xunit.xml
cppcheck 2.7 has known performance issues and therefore will not be used, set the AMENT_CPPCHECK_ALLOW_SLOW_VERSIONS environment variable to override this.
-- run_test.py: return code 0
-- run_test.py: verify result file '/home/jared/ros2_ws/build/examples_rclcpp_minimal_action_client/test_results/examples_rclcpp_minimal_action_client/cppcheck.xunit.xml'
<end of output>
Test time =   0.17 sec
----------------------------------------------------------
Test Passed.
"cppcheck" end time: Jun 24 20:37 AEST
"cppcheck" time elapsed: 00:00:00
----------------------------------------------------------

3/6 Testing: cpplint
3/6 Test: cpplint
Command: "/usr/bin/python3" "-u" "/opt/ros/humble/share/ament_cmake_test/cmake/run_test.py" "/home/jared/ros2_ws/build/examples_rclcpp_minimal_action_client/test_results/examples_rclcpp_minimal_action_client/cpplint.xunit.xml" "--package-name" "examples_rclcpp_minimal_action_client" "--output-file" "/home/jared/ros2_ws/build/examples_rclcpp_minimal_action_client/ament_cpplint/cpplint.txt" "--command" "/opt/ros/humble/bin/ament_cpplint" "--xunit-file" "/home/jared/ros2_ws/build/examples_rclcpp_minimal_action_client/test_results/examples_rclcpp_minimal_action_client/cpplint.xunit.xml"
Directory: /home/jared/ros2_ws/src/examples/rclcpp/actions/minimal_action_client
"cpplint" start time: Jun 24 20:37 AEST
Output:
----------------------------------------------------------
-- run_test.py: invoking following command in '/home/jared/ros2_ws/src/examples/rclcpp/actions/minimal_action_client':
 - /opt/ros/humble/bin/ament_cpplint --xunit-file /home/jared/ros2_ws/build/examples_rclcpp_minimal_action_client/test_results/examples_rclcpp_minimal_action_client/cpplint.xunit.xml
Using '--root=..' argument

Done processing /home/jared/ros2_ws/src/examples/rclcpp/actions/minimal_action_client/member_functions.cpp

Done processing /home/jared/ros2_ws/src/examples/rclcpp/actions/minimal_action_client/not_composable.cpp

Done processing /home/jared/ros2_ws/src/examples/rclcpp/actions/minimal_action_client/not_composable_with_cancel.cpp

Done processing /home/jared/ros2_ws/src/examples/rclcpp/actions/minimal_action_client/not_composable_with_feedback.cpp

No problems found
-- run_test.py: return code 0
-- run_test.py: verify result file '/home/jared/ros2_ws/build/examples_rclcpp_minimal_action_client/test_results/examples_rclcpp_minimal_action_client/cpplint.xunit.xml'
<end of output>
Test time =   0.32 sec
----------------------------------------------------------
Test Passed.
"cpplint" end time: Jun 24 20:37 AEST
"cpplint" time elapsed: 00:00:00
----------------------------------------------------------

4/6 Testing: lint_cmake
4/6 Test: lint_cmake
Command: "/usr/bin/python3" "-u" "/opt/ros/humble/share/ament_cmake_test/cmake/run_test.py" "/home/jared/ros2_ws/build/examples_rclcpp_minimal_action_client/test_results/examples_rclcpp_minimal_action_client/lint_cmake.xunit.xml" "--package-name" "examples_rclcpp_minimal_action_client" "--output-file" "/home/jared/ros2_ws/build/examples_rclcpp_minimal_action_client/ament_lint_cmake/lint_cmake.txt" "--command" "/opt/ros/humble/bin/ament_lint_cmake" "--xunit-file" "/home/jared/ros2_ws/build/examples_rclcpp_minimal_action_client/test_results/examples_rclcpp_minimal_action_client/lint_cmake.xunit.xml"
Directory: /home/jared/ros2_ws/src/examples/rclcpp/actions/minimal_action_client
"lint_cmake" start time: Jun 24 20:37 AEST
Output:
----------------------------------------------------------
-- run_test.py: invoking following command in '/home/jared/ros2_ws/src/examples/rclcpp/actions/minimal_action_client':
 - /opt/ros/humble/bin/ament_lint_cmake --xunit-file /home/jared/ros2_ws/build/examples_rclcpp_minimal_action_client/test_results/examples_rclcpp_minimal_action_client/lint_cmake.xunit.xml

No problems found
-- run_test.py: return code 0
-- run_test.py: verify result file '/home/jared/ros2_ws/build/examples_rclcpp_minimal_action_client/test_results/examples_rclcpp_minimal_action_client/lint_cmake.xunit.xml'
<end of output>
Test time =   0.19 sec
----------------------------------------------------------
Test Passed.
"lint_cmake" end time: Jun 24 20:37 AEST
"lint_cmake" time elapsed: 00:00:00
----------------------------------------------------------

5/6 Testing: uncrustify
5/6 Test: uncrustify
Command: "/usr/bin/python3" "-u" "/opt/ros/humble/share/ament_cmake_test/cmake/run_test.py" "/home/jared/ros2_ws/build/examples_rclcpp_minimal_action_client/test_results/examples_rclcpp_minimal_action_client/uncrustify.xunit.xml" "--package-name" "examples_rclcpp_minimal_action_client" "--output-file" "/home/jared/ros2_ws/build/examples_rclcpp_minimal_action_client/ament_uncrustify/uncrustify.txt" "--command" "/opt/ros/humble/bin/ament_uncrustify" "--xunit-file" "/home/jared/ros2_ws/build/examples_rclcpp_minimal_action_client/test_results/examples_rclcpp_minimal_action_client/uncrustify.xunit.xml"
Directory: /home/jared/ros2_ws/src/examples/rclcpp/actions/minimal_action_client
"uncrustify" start time: Jun 24 20:37 AEST
Output:
----------------------------------------------------------
-- run_test.py: invoking following command in '/home/jared/ros2_ws/src/examples/rclcpp/actions/minimal_action_client':
 - /opt/ros/humble/bin/ament_uncrustify --xunit-file /home/jared/ros2_ws/build/examples_rclcpp_minimal_action_client/test_results/examples_rclcpp_minimal_action_client/uncrustify.xunit.xml
No code style divergence in file 'member_functions.cpp'

No code style divergence in file 'not_composable.cpp'

No code style divergence in file 'not_composable_with_cancel.cpp'

No code style divergence in file 'not_composable_with_feedback.cpp'

No problems found
-- run_test.py: return code 0
-- run_test.py: verify result file '/home/jared/ros2_ws/build/examples_rclcpp_minimal_action_client/test_results/examples_rclcpp_minimal_action_client/uncrustify.xunit.xml'
<end of output>
Test time =   0.20 sec
----------------------------------------------------------
Test Passed.
"uncrustify" end time: Jun 24 20:37 AEST
"uncrustify" time elapsed: 00:00:00
----------------------------------------------------------

6/6 Testing: xmllint
6/6 Test: xmllint
Command: "/usr/bin/python3" "-u" "/opt/ros/humble/share/ament_cmake_test/cmake/run_test.py" "/home/jared/ros2_ws/build/examples_rclcpp_minimal_action_client/test_results/examples_rclcpp_minimal_action_client/xmllint.xunit.xml" "--package-name" "examples_rclcpp_minimal_action_client" "--output-file" "/home/jared/ros2_ws/build/examples_rclcpp_minimal_action_client/ament_xmllint/xmllint.txt" "--command" "/opt/ros/humble/bin/ament_xmllint" "--xunit-file" "/home/jared/ros2_ws/build/examples_rclcpp_minimal_action_client/test_results/examples_rclcpp_minimal_action_client/xmllint.xunit.xml"
Directory: /home/jared/ros2_ws/src/examples/rclcpp/actions/minimal_action_client
"xmllint" start time: Jun 24 20:37 AEST
Output:
----------------------------------------------------------
-- run_test.py: invoking following command in '/home/jared/ros2_ws/src/examples/rclcpp/actions/minimal_action_client':
 - /opt/ros/humble/bin/ament_xmllint --xunit-file /home/jared/ros2_ws/build/examples_rclcpp_minimal_action_client/test_results/examples_rclcpp_minimal_action_client/xmllint.xunit.xml
File 'package.xml' is valid

No problems found
-- run_test.py: return code 0
-- run_test.py: verify result file '/home/jared/ros2_ws/build/examples_rclcpp_minimal_action_client/test_results/examples_rclcpp_minimal_action_client/xmllint.xunit.xml'
<end of output>
Test time =   1.18 sec
----------------------------------------------------------
Test Passed.
"xmllint" end time: Jun 24 20:37 AEST
"xmllint" time elapsed: 00:00:01
----------------------------------------------------------

End testing: Jun 24 20:37 AEST

copyright =   0.38 sec*proc

cppcheck =   0.17 sec*proc

cpplint =   0.32 sec*proc

lint_cmake =   0.19 sec*proc

linter =   2.44 sec*proc

uncrustify =   0.20 sec*proc

xmllint =   1.18 sec*proc

