<?xml version="1.0" encoding="utf-8"?><testsuites><testsuite name="pytest" errors="0" failures="0" skipped="0" tests="9" time="15.321" timestamp="2024-06-24T20:37:40.348732" hostname="jared-MS-7C91"><testcase classname="launch_testing_examples.launch_testing_examples.check_msgs_launch_test" name="launch_testing_examples.check_msgs_launch_test" time="2.139" /><testcase classname="launch_testing_examples.launch_testing_examples.check_multiple_nodes_launch_test" name="launch_testing_examples.check_multiple_nodes_launch_test" time="3.780" /><testcase classname="launch_testing_examples.launch_testing_examples.check_node_launch_test" name="launch_testing_examples.check_node_launch_test" time="5.334" /><testcase classname="launch_testing_examples.launch_testing_examples.hello_world_launch_test" name="launch_testing_examples.hello_world_launch_test" time="0.004" /><testcase classname="launch_testing_examples.launch_testing_examples.record_rosbag_launch_test" name="launch_testing_examples.record_rosbag_launch_test" time="3.222" /><testcase classname="launch_testing_examples.launch_testing_examples.set_param_launch_test" name="launch_testing_examples.set_param_launch_test" time="0.375" /><testcase classname="launch_testing_examples.test.test_copyright" name="test_copyright" time="0.199" /><testcase classname="launch_testing_examples.test.test_flake8" name="test_flake8" time="0.089" /><testcase classname="launch_testing_examples.test.test_pep257" name="test_pep257" time="0.025" /></testsuite></testsuites>